INFO: [VRFC 10-2263] Analyzing Verilog file "D:/repos/AES_Encrypt_VHDL/AES_encryption/AES_encryption.ip_user_files/bd/AES_wiring/ip/AES_wiring_xlconcat_0_0/sim/AES_wiring_xlconcat_0_0.v" into library xil_defaultlib
INFO: [VRFC 10-311] analyzing module AES_wiring_xlconcat_0_0
INFO: [VRFC 10-2263] Analyzing Verilog file "D:/repos/AES_Encrypt_VHDL/AES_encryption/AES_encryption.ip_user_files/bd/AES_wiring/ip/AES_wiring_xlslice_0_0/sim/AES_wiring_xlslice_0_0.v" into library xil_defaultlib
INFO: [VRFC 10-311] analyzing module AES_wiring_xlslice_0_0
INFO: [VRFC 10-2263] Analyzing Verilog file "D:/repos/AES_Encrypt_VHDL/AES_encryption/AES_encryption.ip_user_files/bd/AES_wiring/ip/AES_wiring_xlslice_0_1/sim/AES_wiring_xlslice_0_1.v" into library xil_defaultlib
INFO: [VRFC 10-311] analyzing module AES_wiring_xlslice_0_1
INFO: [VRFC 10-2263] Analyzing Verilog file "D:/repos/AES_Encrypt_VHDL/AES_encryption/AES_encryption.ip_user_files/bd/AES_wiring/ip/AES_wiring_xlslice_1_0/sim/AES_wiring_xlslice_1_0.v" into library xil_defaultlib
INFO: [VRFC 10-311] analyzing module AES_wiring_xlslice_1_0
INFO: [VRFC 10-2263] Analyzing Verilog file "D:/repos/AES_Encrypt_VHDL/AES_encryption/AES_encryption.ip_user_files/bd/AES_wiring/ip/AES_wiring_xlslice_2_0/sim/AES_wiring_xlslice_2_0.v" into library xil_defaultlib
INFO: [VRFC 10-311] analyzing module AES_wiring_xlslice_2_0
INFO: [VRFC 10-2263] Analyzing Verilog file "D:/repos/AES_Encrypt_VHDL/AES_encryption/AES_encryption.ip_user_files/bd/AES_wiring/ip/AES_wiring_xlslice_0_2/sim/AES_wiring_xlslice_0_2.v" into library xil_defaultlib
INFO: [VRFC 10-311] analyzing module AES_wiring_xlslice_0_2
INFO: [VRFC 10-2263] Analyzing Verilog file "D:/repos/AES_Encrypt_VHDL/AES_encryption/AES_encryption.ip_user_files/bd/AES_wiring/ip/AES_wiring_xlslice_4_0/sim/AES_wiring_xlslice_4_0.v" into library xil_defaultlib
INFO: [VRFC 10-311] analyzing module AES_wiring_xlslice_4_0
INFO: [VRFC 10-2263] Analyzing Verilog file "D:/repos/AES_Encrypt_VHDL/AES_encryption/AES_encryption.ip_user_files/bd/AES_wiring/ip/AES_wiring_xlslice_4_1/sim/AES_wiring_xlslice_4_1.v" into library xil_defaultlib
INFO: [VRFC 10-311] analyzing module AES_wiring_xlslice_4_1
INFO: [VRFC 10-2263] Analyzing Verilog file "D:/repos/AES_Encrypt_VHDL/AES_encryption/AES_encryption.ip_user_files/bd/AES_wiring/ip/AES_wiring_xlslice_4_2/sim/AES_wiring_xlslice_4_2.v" into library xil_defaultlib
INFO: [VRFC 10-311] analyzing module AES_wiring_xlslice_4_2
INFO: [VRFC 10-2263] Analyzing Verilog file "D:/repos/AES_Encrypt_VHDL/AES_encryption/AES_encryption.ip_user_files/bd/AES_wiring/ip/AES_wiring_xlslice_4_3/sim/AES_wiring_xlslice_4_3.v" into library xil_defaultlib
INFO: [VRFC 10-311] analyzing module AES_wiring_xlslice_4_3
INFO: [VRFC 10-2263] Analyzing Verilog file "D:/repos/AES_Encrypt_VHDL/AES_encryption/AES_encryption.ip_user_files/bd/AES_wiring/ip/AES_wiring_xlslice_4_4/sim/AES_wiring_xlslice_4_4.v" into library xil_defaultlib
INFO: [VRFC 10-311] analyzing module AES_wiring_xlslice_4_4
INFO: [VRFC 10-2263] Analyzing Verilog file "D:/repos/AES_Encrypt_VHDL/AES_encryption/AES_encryption.ip_user_files/bd/AES_wiring/ip/AES_wiring_xlslice_4_5/sim/AES_wiring_xlslice_4_5.v" into library xil_defaultlib
INFO: [VRFC 10-311] analyzing module AES_wiring_xlslice_4_5
INFO: [VRFC 10-2263] Analyzing Verilog file "D:/repos/AES_Encrypt_VHDL/AES_encryption/AES_encryption.ip_user_files/bd/AES_wiring/ip/AES_wiring_xlslice_4_6/sim/AES_wiring_xlslice_4_6.v" into library xil_defaultlib
INFO: [VRFC 10-311] analyzing module AES_wiring_xlslice_4_6
INFO: [VRFC 10-2263] Analyzing Verilog file "D:/repos/AES_Encrypt_VHDL/AES_encryption/AES_encryption.ip_user_files/bd/AES_wiring/ip/AES_wiring_xlslice_4_7/sim/AES_wiring_xlslice_4_7.v" into library xil_defaultlib
INFO: [VRFC 10-311] analyzing module AES_wiring_xlslice_4_7
INFO: [VRFC 10-2263] Analyzing Verilog file "D:/repos/AES_Encrypt_VHDL/AES_encryption/AES_encryption.ip_user_files/bd/AES_wiring/ip/AES_wiring_xlslice_4_8/sim/AES_wiring_xlslice_4_8.v" into library xil_defaultlib
INFO: [VRFC 10-311] analyzing module AES_wiring_xlslice_4_8
INFO: [VRFC 10-2263] Analyzing Verilog file "D:/repos/AES_Encrypt_VHDL/AES_encryption/AES_encryption.ip_user_files/bd/AES_wiring/ip/AES_wiring_xlslice_4_9/sim/AES_wiring_xlslice_4_9.v" into library xil_defaultlib
INFO: [VRFC 10-311] analyzing module AES_wiring_xlslice_4_9
INFO: [VRFC 10-2263] Analyzing Verilog file "D:/repos/AES_Encrypt_VHDL/AES_encryption/AES_encryption.ip_user_files/bd/AES_wiring/ip/AES_wiring_xlslice_4_10/sim/AES_wiring_xlslice_4_10.v" into library xil_defaultlib
INFO: [VRFC 10-311] analyzing module AES_wiring_xlslice_4_10
INFO: [VRFC 10-2263] Analyzing Verilog file "D:/repos/AES_Encrypt_VHDL/AES_encryption/AES_encryption.ip_user_files/bd/AES_wiring/ip/AES_wiring_xlslice_4_11/sim/AES_wiring_xlslice_4_11.v" into library xil_defaultlib
INFO: [VRFC 10-311] analyzing module AES_wiring_xlslice_4_11
INFO: [VRFC 10-2263] Analyzing Verilog file "D:/repos/AES_Encrypt_VHDL/AES_encryption/AES_encryption.ip_user_files/bd/AES_wiring/ip/AES_wiring_xlslice_4_12/sim/AES_wiring_xlslice_4_12.v" into library xil_defaultlib
INFO: [VRFC 10-311] analyzing module AES_wiring_xlslice_4_12
INFO: [VRFC 10-2263] Analyzing Verilog file "D:/repos/AES_Encrypt_VHDL/AES_encryption/AES_encryption.ip_user_files/bd/AES_wiring/ip/AES_wiring_xlslice_4_13/sim/AES_wiring_xlslice_4_13.v" into library xil_defaultlib
INFO: [VRFC 10-311] analyzing module AES_wiring_xlslice_4_13
INFO: [VRFC 10-2263] Analyzing Verilog file "D:/repos/AES_Encrypt_VHDL/AES_encryption/AES_encryption.ip_user_files/bd/AES_wiring/ip/AES_wiring_xlslice_4_14/sim/AES_wiring_xlslice_4_14.v" into library xil_defaultlib
INFO: [VRFC 10-311] analyzing module AES_wiring_xlslice_4_14
INFO: [VRFC 10-2263] Analyzing Verilog file "D:/repos/AES_Encrypt_VHDL/AES_encryption/AES_encryption.ip_user_files/bd/AES_wiring/ip/AES_wiring_xlslice_18_0/sim/AES_wiring_xlslice_18_0.v" into library xil_defaultlib
INFO: [VRFC 10-311] analyzing module AES_wiring_xlslice_18_0
INFO: [VRFC 10-2263] Analyzing Verilog file "D:/repos/AES_Encrypt_VHDL/AES_encryption/AES_encryption.ip_user_files/bd/AES_wiring/ip/AES_wiring_xlslice_20_0/sim/AES_wiring_xlslice_20_0.v" into library xil_defaultlib
INFO: [VRFC 10-311] analyzing module AES_wiring_xlslice_20_0
INFO: [VRFC 10-2263] Analyzing Verilog file "D:/repos/AES_Encrypt_VHDL/AES_encryption/AES_encryption.ip_user_files/bd/AES_wiring/ip/AES_wiring_ShiftRowns_0_0/sim/AES_wiring_ShiftRowns_0_0.v" into library xil_defaultlib
INFO: [VRFC 10-311] analyzing module AES_wiring_ShiftRowns_0_0
INFO: [VRFC 10-2263] Analyzing Verilog file "D:/repos/AES_Encrypt_VHDL/AES_encryption/AES_encryption.ip_user_files/bd/AES_wiring/ip/AES_wiring_MixColumns_0_0/sim/AES_wiring_MixColumns_0_0.v" into library xil_defaultlib
INFO: [VRFC 10-311] analyzing module AES_wiring_MixColumns_0_0
INFO: [VRFC 10-2263] Analyzing Verilog file "D:/repos/AES_Encrypt_VHDL/AES_encryption/AES_encryption.ip_user_files/bd/AES_wiring/ip/AES_wiring_SubBytes_0_0/sim/AES_wiring_SubBytes_0_0.v" into library xil_defaultlib
INFO: [VRFC 10-311] analyzing module AES_wiring_SubBytes_0_0
INFO: [VRFC 10-2263] Analyzing Verilog file "D:/repos/AES_Encrypt_VHDL/AES_encryption/AES_encryption.ip_user_files/bd/AES_wiring/ip/AES_wiring_SevenSegCA_0_0/sim/AES_wiring_SevenSegCA_0_0.v" into library xil_defaultlib
INFO: [VRFC 10-311] analyzing module AES_wiring_SevenSegCA_0_0
INFO: [VRFC 10-2263] Analyzing Verilog file "D:/repos/AES_Encrypt_VHDL/AES_encryption/AES_encryption.ip_user_files/bd/AES_wiring/ip/AES_wiring_SevenSegCA_1_0/sim/AES_wiring_SevenSegCA_1_0.v" into library xil_defaultlib
INFO: [VRFC 10-311] analyzing module AES_wiring_SevenSegCA_1_0
INFO: [VRFC 10-2263] Analyzing Verilog file "D:/repos/AES_Encrypt_VHDL/AES_encryption/AES_encryption.ip_user_files/bd/AES_wiring/ip/AES_wiring_inputs_0_0/sim/AES_wiring_inputs_0_0.v" into library xil_defaultlib
INFO: [VRFC 10-311] analyzing module AES_wiring_inputs_0_0
INFO: [VRFC 10-2263] Analyzing Verilog file "D:/repos/AES_Encrypt_VHDL/AES_encryption/AES_encryption.ip_user_files/bd/AES_wiring/ip/AES_wiring_mux4_0_0/sim/AES_wiring_mux4_0_0.v" into library xil_defaultlib
INFO: [VRFC 10-311] analyzing module AES_wiring_mux4_0_0
INFO: [VRFC 10-2263] Analyzing Verilog file "D:/repos/AES_Encrypt_VHDL/AES_encryption/AES_encryption.ip_user_files/bd/AES_wiring/ip/AES_wiring_Display_Manager_0_0/sim/AES_wiring_Display_Manager_0_0.v" into library xil_defaultlib
INFO: [VRFC 10-311] analyzing module AES_wiring_Display_Manager_0_0
INFO: [VRFC 10-2263] Analyzing Verilog file "D:/repos/AES_Encrypt_VHDL/AES_encryption/AES_encryption.ip_user_files/bd/AES_wiring/ip/AES_wiring_AddRoundKey_0_0/sim/AES_wiring_AddRoundKey_0_0.v" into library xil_defaultlib
INFO: [VRFC 10-311] analyzing module AES_wiring_AddRoundKey_0_0
INFO: [VRFC 10-2263] Analyzing Verilog file "D:/repos/AES_Encrypt_VHDL/AES_encryption/AES_encryption.ip_user_files/bd/AES_wiring/ip/AES_wiring_mux_0_0/sim/AES_wiring_mux_0_0.v" into library xil_defaultlib
INFO: [VRFC 10-311] analyzing module AES_wiring_mux_0_0
INFO: [VRFC 10-2263] Analyzing Verilog file "D:/repos/AES_Encrypt_VHDL/AES_encryption/AES_encryption.ip_user_files/bd/AES_wiring/ip/AES_wiring_mux_0_1/sim/AES_wiring_mux_0_1.v" into library xil_defaultlib
INFO: [VRFC 10-311] analyzing module AES_wiring_mux_0_1
INFO: [VRFC 10-2263] Analyzing Verilog file "D:/repos/AES_Encrypt_VHDL/AES_encryption/AES_encryption.ip_user_files/bd/AES_wiring/ip/AES_wiring_StateMachine_AES_0_0/sim/AES_wiring_StateMachine_AES_0_0.v" into library xil_defaultlib
INFO: [VRFC 10-311] analyzing module AES_wiring_StateMachine_AES_0_0
INFO: [VRFC 10-2263] Analyzing Verilog file "D:/repos/AES_Encrypt_VHDL/AES_encryption/AES_encryption.ip_user_files/bd/AES_wiring/sim/AES_wiring.v" into library xil_defaultlib
INFO: [VRFC 10-311] analyzing module AES_wiring
INFO: [VRFC 10-2263] Analyzing Verilog file "D:/repos/AES_Encrypt_VHDL/AES_encryption/AES_encryption.gen/sources_1/bd/AES_wiring/hdl/AES_wiring_wrapper.v" into library xil_defaultlib
INFO: [VRFC 10-311] analyzing module AES_wiring_wrapper
