
*** Running vivado
    with args -log AES_wiring_StateMachine_AES_0_0.vds -m64 -product Vivado -mode batch -messageDb vivado.pb -notrace -source AES_wiring_StateMachine_AES_0_0.tcl


ECHO is off.
ECHO is off.

****** Vivado v2023.1 (64-bit)
  **** SW Build 3865809 on Sun May  7 15:05:29 MDT 2023
  **** IP Build 3864474 on Sun May  7 20:36:21 MDT 2023
  **** SharedData Build 3865790 on Sun May 07 13:33:03 MDT 2023
    ** Copyright 1986-2022 Xilinx, Inc. All Rights Reserved.
    ** Copyright 2022-2023 Advanced Micro Devices, Inc. All Rights Reserved.

source AES_wiring_StateMachine_AES_0_0.tcl -notrace
create_project: Time (s): cpu = 00:00:09 ; elapsed = 00:00:09 . Memory (MB): peak = 483.562 ; gain = 199.699
INFO: [IP_Flow 19-234] Refreshing IP repositories
INFO: [IP_Flow 19-1704] No user IP repositories specified
INFO: [IP_Flow 19-2313] Loaded Vivado IP repository 'D:/AMDSOFT/Vivado/2023.1/data/ip'.
INFO: [IP_Flow 19-6924] IPCACHE: Running cache check for IP inst: AES_wiring_StateMachine_AES_0_0
Command: synth_design -top AES_wiring_StateMachine_AES_0_0 -part xc7a35tcpg236-1 -incremental_mode off -mode out_of_context
Starting synth_design
Attempting to get a license for feature 'Synthesis' and/or device 'xc7a35t'
INFO: [Common 17-349] Got license for feature 'Synthesis' and/or device 'xc7a35t'
INFO: [Designutils 20-5008] Incremental synthesis strategy off
INFO: [Synth 8-7079] Multithreading enabled for synth_design using a maximum of 2 processes.
INFO: [Synth 8-7078] Launching helper process for spawning children vivado processes
INFO: [Synth 8-7075] Helper process launched with PID 13964
---------------------------------------------------------------------------------
Starting Synthesize : Time (s): cpu = 00:00:07 ; elapsed = 00:00:08 . Memory (MB): peak = 932.059 ; gain = 407.566
---------------------------------------------------------------------------------
INFO: [Synth 8-6157] synthesizing module 'AES_wiring_StateMachine_AES_0_0' [d:/repos/AES_Encrypt_VHDL/AES_encryption/AES_encryption.gen/sources_1/bd/AES_wiring/ip/AES_wiring_StateMachine_AES_0_0/synth/AES_wiring_StateMachine_AES_0_0.v:53]
INFO: [Synth 8-638] synthesizing module 'StateMachine_AES' [D:/repos/AES_Encrypt_VHDL/AES_encryption/AES_encryption.srcs/sources_1/new/StateMachine_Wiring.vhd:15]
WARNING: [Synth 8-614] signal 'notClk' is read in the process but is not in the sensitivity list [D:/repos/AES_Encrypt_VHDL/AES_encryption/AES_encryption.srcs/sources_1/new/StateMachine_Wiring.vhd:38]
WARNING: [Synth 8-614] signal 'ct' is read in the process but is not in the sensitivity list [D:/repos/AES_Encrypt_VHDL/AES_encryption/AES_encryption.srcs/sources_1/new/StateMachine_Wiring.vhd:38]
INFO: [Synth 8-256] done synthesizing module 'StateMachine_AES' (0#1) [D:/repos/AES_Encrypt_VHDL/AES_encryption/AES_encryption.srcs/sources_1/new/StateMachine_Wiring.vhd:15]
INFO: [Synth 8-6155] done synthesizing module 'AES_wiring_StateMachine_AES_0_0' (0#1) [d:/repos/AES_Encrypt_VHDL/AES_encryption/AES_encryption.gen/sources_1/bd/AES_wiring/ip/AES_wiring_StateMachine_AES_0_0/synth/AES_wiring_StateMachine_AES_0_0.v:53]
WARNING: [Synth 8-6014] Unused sequential element next_state_reg was removed.  [D:/repos/AES_Encrypt_VHDL/AES_encryption/AES_encryption.srcs/sources_1/new/StateMachine_Wiring.vhd:28]
WARNING: [Synth 8-6014] Unused sequential element rstO_reg was removed.  [D:/repos/AES_Encrypt_VHDL/AES_encryption/AES_encryption.srcs/sources_1/new/StateMachine_Wiring.vhd:44]
WARNING: [Synth 8-7129] Port rst in module StateMachine_AES is either unconnected or has no load
---------------------------------------------------------------------------------
Finished Synthesize : Time (s): cpu = 00:00:10 ; elapsed = 00:00:11 . Memory (MB): peak = 1023.148 ; gain = 498.656
---------------------------------------------------------------------------------
---------------------------------------------------------------------------------
Finished Constraint Validation : Time (s): cpu = 00:00:10 ; elapsed = 00:00:11 . Memory (MB): peak = 1023.148 ; gain = 498.656
---------------------------------------------------------------------------------
---------------------------------------------------------------------------------
Start Loading Part and Timing Information
---------------------------------------------------------------------------------
Loading part: xc7a35tcpg236-1
---------------------------------------------------------------------------------
Finished Loading Part and Timing Information : Time (s): cpu = 00:00:10 ; elapsed = 00:00:11 . Memory (MB): peak = 1023.148 ; gain = 498.656
---------------------------------------------------------------------------------
INFO: [Device 21-403] Loading part xc7a35tcpg236-1
WARNING: [Synth 8-327] inferring latch for variable 'done_reg' [D:/repos/AES_Encrypt_VHDL/AES_encryption/AES_encryption.srcs/sources_1/new/StateMachine_Wiring.vhd:46]
WARNING: [Synth 8-327] inferring latch for variable 'muxIn_reg' [D:/repos/AES_Encrypt_VHDL/AES_encryption/AES_encryption.srcs/sources_1/new/StateMachine_Wiring.vhd:47]
WARNING: [Synth 8-327] inferring latch for variable 'muxLR_reg' [D:/repos/AES_Encrypt_VHDL/AES_encryption/AES_encryption.srcs/sources_1/new/StateMachine_Wiring.vhd:48]
---------------------------------------------------------------------------------
Finished RTL Optimization Phase 2 : Time (s): cpu = 00:00:11 ; elapsed = 00:00:12 . Memory (MB): peak = 1023.148 ; gain = 498.656
---------------------------------------------------------------------------------
No constraint files found.
---------------------------------------------------------------------------------
Start RTL Component Statistics 
---------------------------------------------------------------------------------
Detailed RTL Component Info : 
+---Registers : 
	                4 Bit    Registers := 2     
	                3 Bit    Registers := 1     
+---Muxes : 
	   7 Input    4 Bit        Muxes := 2     
	   7 Input    1 Bit        Muxes := 6     
	   2 Input    1 Bit        Muxes := 1     
---------------------------------------------------------------------------------
Finished RTL Component Statistics 
---------------------------------------------------------------------------------
---------------------------------------------------------------------------------
Start Part Resource Summary
---------------------------------------------------------------------------------
Part Resources:
DSPs: 90 (col length:60)
BRAMs: 100 (col length: RAMB18 60 RAMB36 30)
---------------------------------------------------------------------------------
Finished Part Resource Summary
---------------------------------------------------------------------------------
No constraint files found.
---------------------------------------------------------------------------------
Start Cross Boundary and Area Optimization
---------------------------------------------------------------------------------
WARNING: [Synth 8-7080] Parallel synthesis criteria is not met
WARNING: [Synth 8-7129] Port rst in module AES_wiring_StateMachine_AES_0_0 is either unconnected or has no load
INFO: [Synth 8-3332] Sequential element (inst/done_reg) is unused and will be removed from module AES_wiring_StateMachine_AES_0_0.
INFO: [Synth 8-3332] Sequential element (inst/muxIn_reg) is unused and will be removed from module AES_wiring_StateMachine_AES_0_0.
INFO: [Synth 8-3332] Sequential element (inst/muxLR_reg) is unused and will be removed from module AES_wiring_StateMachine_AES_0_0.
---------------------------------------------------------------------------------
Finished Cross Boundary and Area Optimization : Time (s): cpu = 00:00:16 ; elapsed = 00:00:19 . Memory (MB): peak = 1209.953 ; gain = 685.461
---------------------------------------------------------------------------------
No constraint files found.
---------------------------------------------------------------------------------
Start Timing Optimization
---------------------------------------------------------------------------------
---------------------------------------------------------------------------------
Finished Timing Optimization : Time (s): cpu = 00:00:17 ; elapsed = 00:00:19 . Memory (MB): peak = 1209.953 ; gain = 685.461
---------------------------------------------------------------------------------
---------------------------------------------------------------------------------
Start Technology Mapping
---------------------------------------------------------------------------------
---------------------------------------------------------------------------------
Finished Technology Mapping : Time (s): cpu = 00:00:17 ; elapsed = 00:00:19 . Memory (MB): peak = 1209.953 ; gain = 685.461
---------------------------------------------------------------------------------
---------------------------------------------------------------------------------
Start IO Insertion
---------------------------------------------------------------------------------
---------------------------------------------------------------------------------
Start Flattening Before IO Insertion
---------------------------------------------------------------------------------
---------------------------------------------------------------------------------
Finished Flattening Before IO Insertion
---------------------------------------------------------------------------------
---------------------------------------------------------------------------------
Start Final Netlist Cleanup
---------------------------------------------------------------------------------
---------------------------------------------------------------------------------
Finished Final Netlist Cleanup
---------------------------------------------------------------------------------

*** Running vivado
    with args -log AES_wiring_StateMachine_AES_0_0.vds -m64 -product Vivado -mode batch -messageDb vivado.pb -notrace -source AES_wiring_StateMachine_AES_0_0.tcl


ECHO is off.
ECHO is off.

****** Vivado v2023.1 (64-bit)
  **** SW Build 3865809 on Sun May  7 15:05:29 MDT 2023
  **** IP Build 3864474 on Sun May  7 20:36:21 MDT 2023
  **** SharedData Build 3865790 on Sun May 07 13:33:03 MDT 2023
    ** Copyright 1986-2022 Xilinx, Inc. All Rights Reserved.
    ** Copyright 2022-2023 Advanced Micro Devices, Inc. All Rights Reserved.

source AES_wiring_StateMachine_AES_0_0.tcl -notrace
create_project: Time (s): cpu = 00:00:08 ; elapsed = 00:00:08 . Memory (MB): peak = 484.602 ; gain = 201.051
INFO: [IP_Flow 19-234] Refreshing IP repositories
INFO: [IP_Flow 19-1704] No user IP repositories specified
INFO: [IP_Flow 19-2313] Loaded Vivado IP repository 'D:/AMDSOFT/Vivado/2023.1/data/ip'.
INFO: [IP_Flow 19-6924] IPCACHE: Running cache check for IP inst: AES_wiring_StateMachine_AES_0_0
Command: synth_design -top AES_wiring_StateMachine_AES_0_0 -part xc7a35tcpg236-1 -incremental_mode off -mode out_of_context
Starting synth_design
Attempting to get a license for feature 'Synthesis' and/or device 'xc7a35t'
INFO: [Common 17-349] Got license for feature 'Synthesis' and/or device 'xc7a35t'
INFO: [Designutils 20-5008] Incremental synthesis strategy off
INFO: [Synth 8-7079] Multithreading enabled for synth_design using a maximum of 2 processes.
INFO: [Synth 8-7078] Launching helper process for spawning children vivado processes
INFO: [Synth 8-7075] Helper process launched with PID 24168
---------------------------------------------------------------------------------
Starting Synthesize : Time (s): cpu = 00:00:07 ; elapsed = 00:00:07 . Memory (MB): peak = 932.367 ; gain = 407.184
---------------------------------------------------------------------------------
INFO: [Synth 8-6157] synthesizing module 'AES_wiring_StateMachine_AES_0_0' [d:/repos/AES_Encrypt_VHDL/AES_encryption/AES_encryption.gen/sources_1/bd/AES_wiring/ip/AES_wiring_StateMachine_AES_0_0/synth/AES_wiring_StateMachine_AES_0_0.v:53]
INFO: [Synth 8-638] synthesizing module 'StateMachine_AES' [D:/repos/AES_Encrypt_VHDL/AES_encryption/AES_encryption.srcs/sources_1/new/StateMachine_Wiring.vhd:15]
WARNING: [Synth 8-614] signal 'notClk' is read in the process but is not in the sensitivity list [D:/repos/AES_Encrypt_VHDL/AES_encryption/AES_encryption.srcs/sources_1/new/StateMachine_Wiring.vhd:38]
WARNING: [Synth 8-614] signal 'ct' is read in the process but is not in the sensitivity list [D:/repos/AES_Encrypt_VHDL/AES_encryption/AES_encryption.srcs/sources_1/new/StateMachine_Wiring.vhd:38]
INFO: [Synth 8-256] done synthesizing module 'StateMachine_AES' (0#1) [D:/repos/AES_Encrypt_VHDL/AES_encryption/AES_encryption.srcs/sources_1/new/StateMachine_Wiring.vhd:15]
INFO: [Synth 8-6155] done synthesizing module 'AES_wiring_StateMachine_AES_0_0' (0#1) [d:/repos/AES_Encrypt_VHDL/AES_encryption/AES_encryption.gen/sources_1/bd/AES_wiring/ip/AES_wiring_StateMachine_AES_0_0/synth/AES_wiring_StateMachine_AES_0_0.v:53]
WARNING: [Synth 8-6014] Unused sequential element next_state_reg was removed.  [D:/repos/AES_Encrypt_VHDL/AES_encryption/AES_encryption.srcs/sources_1/new/StateMachine_Wiring.vhd:28]
WARNING: [Synth 8-6014] Unused sequential element rstO_reg was removed.  [D:/repos/AES_Encrypt_VHDL/AES_encryption/AES_encryption.srcs/sources_1/new/StateMachine_Wiring.vhd:44]
WARNING: [Synth 8-7129] Port rst in module StateMachine_AES is either unconnected or has no load
---------------------------------------------------------------------------------
Finished Synthesize : Time (s): cpu = 00:00:09 ; elapsed = 00:00:10 . Memory (MB): peak = 1022.852 ; gain = 497.668
---------------------------------------------------------------------------------
---------------------------------------------------------------------------------
Finished Constraint Validation : Time (s): cpu = 00:00:09 ; elapsed = 00:00:10 . Memory (MB): peak = 1022.852 ; gain = 497.668
---------------------------------------------------------------------------------
---------------------------------------------------------------------------------
Start Loading Part and Timing Information
---------------------------------------------------------------------------------
Loading part: xc7a35tcpg236-1
---------------------------------------------------------------------------------
Finished Loading Part and Timing Information : Time (s): cpu = 00:00:09 ; elapsed = 00:00:11 . Memory (MB): peak = 1022.852 ; gain = 497.668
---------------------------------------------------------------------------------
INFO: [Device 21-403] Loading part xc7a35tcpg236-1
WARNING: [Synth 8-327] inferring latch for variable 'done_reg' [D:/repos/AES_Encrypt_VHDL/AES_encryption/AES_encryption.srcs/sources_1/new/StateMachine_Wiring.vhd:46]
WARNING: [Synth 8-327] inferring latch for variable 'muxIn_reg' [D:/repos/AES_Encrypt_VHDL/AES_encryption/AES_encryption.srcs/sources_1/new/StateMachine_Wiring.vhd:47]
WARNING: [Synth 8-327] inferring latch for variable 'muxLR_reg' [D:/repos/AES_Encrypt_VHDL/AES_encryption/AES_encryption.srcs/sources_1/new/StateMachine_Wiring.vhd:48]
---------------------------------------------------------------------------------
Finished RTL Optimization Phase 2 : Time (s): cpu = 00:00:10 ; elapsed = 00:00:11 . Memory (MB): peak = 1022.852 ; gain = 497.668
---------------------------------------------------------------------------------
No constraint files found.
---------------------------------------------------------------------------------
Start RTL Component Statistics 
---------------------------------------------------------------------------------
Detailed RTL Component Info : 
+---Registers : 
	                4 Bit    Registers := 2     
	                3 Bit    Registers := 1     
+---Muxes : 
	   7 Input    4 Bit        Muxes := 2     
	   7 Input    1 Bit        Muxes := 6     
	   2 Input    1 Bit        Muxes := 1     
---------------------------------------------------------------------------------
Finished RTL Component Statistics 
---------------------------------------------------------------------------------
---------------------------------------------------------------------------------
Start Part Resource Summary
---------------------------------------------------------------------------------
Part Resources:
DSPs: 90 (col length:60)
BRAMs: 100 (col length: RAMB18 60 RAMB36 30)
---------------------------------------------------------------------------------
Finished Part Resource Summary
---------------------------------------------------------------------------------
No constraint files found.
---------------------------------------------------------------------------------
Start Cross Boundary and Area Optimization
---------------------------------------------------------------------------------
WARNING: [Synth 8-7080] Parallel synthesis criteria is not met
WARNING: [Synth 8-7129] Port rst in module AES_wiring_StateMachine_AES_0_0 is either unconnected or has no load
INFO: [Synth 8-3332] Sequential element (inst/done_reg) is unused and will be removed from module AES_wiring_StateMachine_AES_0_0.
INFO: [Synth 8-3332] Sequential element (inst/muxIn_reg) is unused and will be removed from module AES_wiring_StateMachine_AES_0_0.
INFO: [Synth 8-3332] Sequential element (inst/muxLR_reg) is unused and will be removed from module AES_wiring_StateMachine_AES_0_0.
---------------------------------------------------------------------------------
Finished Cross Boundary and Area Optimization : Time (s): cpu = 00:00:16 ; elapsed = 00:00:18 . Memory (MB): peak = 1214.988 ; gain = 689.805
---------------------------------------------------------------------------------
No constraint files found.
---------------------------------------------------------------------------------
Start Timing Optimization
---------------------------------------------------------------------------------
---------------------------------------------------------------------------------
Finished Timing Optimization : Time (s): cpu = 00:00:16 ; elapsed = 00:00:18 . Memory (MB): peak = 1214.988 ; gain = 689.805
---------------------------------------------------------------------------------
---------------------------------------------------------------------------------
Start Technology Mapping
---------------------------------------------------------------------------------
---------------------------------------------------------------------------------
Finished Technology Mapping : Time (s): cpu = 00:00:16 ; elapsed = 00:00:18 . Memory (MB): peak = 1214.988 ; gain = 689.805
---------------------------------------------------------------------------------
---------------------------------------------------------------------------------
Start IO Insertion
---------------------------------------------------------------------------------
---------------------------------------------------------------------------------
Start Flattening Before IO Insertion
---------------------------------------------------------------------------------
---------------------------------------------------------------------------------
Finished Flattening Before IO Insertion
---------------------------------------------------------------------------------
---------------------------------------------------------------------------------
Start Final Netlist Cleanup
---------------------------------------------------------------------------------
---------------------------------------------------------------------------------
Finished Final Netlist Cleanup
---------------------------------------------------------------------------------
---------------------------------------------------------------------------------
Finished IO Insertion : Time (s): cpu = 00:00:22 ; elapsed = 00:00:24 . Memory (MB): peak = 1214.988 ; gain = 689.805
---------------------------------------------------------------------------------
---------------------------------------------------------------------------------
Start Renaming Generated Instances
---------------------------------------------------------------------------------
---------------------------------------------------------------------------------
Finished Renaming Generated Instances : Time (s): cpu = 00:00:22 ; elapsed = 00:00:24 . Memory (MB): peak = 1214.988 ; gain = 689.805
---------------------------------------------------------------------------------
---------------------------------------------------------------------------------
Start Rebuilding User Hierarchy
---------------------------------------------------------------------------------
---------------------------------------------------------------------------------
Finished Rebuilding User Hierarchy : Time (s): cpu = 00:00:22 ; elapsed = 00:00:24 . Memory (MB): peak = 1214.988 ; gain = 689.805
---------------------------------------------------------------------------------
---------------------------------------------------------------------------------
Start Renaming Generated Ports
---------------------------------------------------------------------------------
---------------------------------------------------------------------------------
Finished Renaming Generated Ports : Time (s): cpu = 00:00:22 ; elapsed = 00:00:24 . Memory (MB): peak = 1214.988 ; gain = 689.805
---------------------------------------------------------------------------------
---------------------------------------------------------------------------------
Start Handling Custom Attributes
---------------------------------------------------------------------------------
---------------------------------------------------------------------------------
Finished Handling Custom Attributes : Time (s): cpu = 00:00:22 ; elapsed = 00:00:24 . Memory (MB): peak = 1214.988 ; gain = 689.805
---------------------------------------------------------------------------------
---------------------------------------------------------------------------------
Start Renaming Generated Nets
---------------------------------------------------------------------------------
---------------------------------------------------------------------------------
Finished Renaming Generated Nets : Time (s): cpu = 00:00:22 ; elapsed = 00:00:24 . Memory (MB): peak = 1214.988 ; gain = 689.805
---------------------------------------------------------------------------------
---------------------------------------------------------------------------------
Start Writing Synthesis Report
---------------------------------------------------------------------------------

Report BlackBoxes: 
+-+--------------+----------+
| |BlackBox name |Instances |
+-+--------------+----------+
+-+--------------+----------+

Report Cell Usage: 
+-+-----+------+
| |Cell |Count |
+-+-----+------+
+-+-----+------+

Report Instance Areas: 
+------+---------+-------+------+
|      |Instance |Module |Cells |
+------+---------+-------+------+
|1     |top      |       |     0|
+------+---------+-------+------+
---------------------------------------------------------------------------------
Finished Writing Synthesis Report : Time (s): cpu = 00:00:22 ; elapsed = 00:00:24 . Memory (MB): peak = 1214.988 ; gain = 689.805
---------------------------------------------------------------------------------
Synthesis finished with 0 errors, 0 critical warnings and 10 warnings.
Synthesis Optimization Runtime : Time (s): cpu = 00:00:22 ; elapsed = 00:00:24 . Memory (MB): peak = 1214.988 ; gain = 689.805
Synthesis Optimization Complete : Time (s): cpu = 00:00:22 ; elapsed = 00:00:24 . Memory (MB): peak = 1214.988 ; gain = 689.805
INFO: [Project 1-571] Translating synthesized netlist
Netlist sorting complete. Time (s): cpu = 00:00:00 ; elapsed = 00:00:00 . Memory (MB): peak = 1214.988 ; gain = 0.000
INFO: [Project 1-570] Preparing netlist for logic optimization
INFO: [Opt 31-138] Pushed 0 inverter(s) to 0 load pin(s).
Netlist sorting complete. Time (s): cpu = 00:00:00 ; elapsed = 00:00:00 . Memory (MB): peak = 1312.957 ; gain = 0.000
INFO: [Project 1-111] Unisim Transformation Summary:
No Unisim elements were transformed.

Synth Design complete | Checksum: e4a5d490
INFO: [Common 17-83] Releasing license: Synthesis
22 Infos, 10 Warnings, 0 Critical Warnings and 0 Errors encountered.
synth_design completed successfully
synth_design: Time (s): cpu = 00:00:24 ; elapsed = 00:00:26 . Memory (MB): peak = 1317.957 ; gain = 800.176
INFO: [Timing 38-35] Done setting XDC timing constraints.
INFO: [Common 17-1381] The checkpoint 'D:/repos/AES_Encrypt_VHDL/AES_encryption/AES_encryption.runs/AES_wiring_StateMachine_AES_0_0_synth_1/AES_wiring_StateMachine_AES_0_0.dcp' has been generated.
write_checkpoint: Time (s): cpu = 00:00:08 ; elapsed = 00:00:09 . Memory (MB): peak = 1555.121 ; gain = 237.164
INFO: [Coretcl 2-1648] Added synthesis output to IP cache for IP AES_wiring_StateMachine_AES_0_0, cache-ID = c8b7dce6d511789a
INFO: [Common 17-1381] The checkpoint 'D:/repos/AES_Encrypt_VHDL/AES_encryption/AES_encryption.runs/AES_wiring_StateMachine_AES_0_0_synth_1/AES_wiring_StateMachine_AES_0_0.dcp' has been generated.
INFO: [runtcl-4] Executing : report_utilization -file AES_wiring_StateMachine_AES_0_0_utilization_synth.rpt -pb AES_wiring_StateMachine_AES_0_0_utilization_synth.pb
INFO: [Common 17-206] Exiting Vivado at Sat Dec 16 16:42:58 2023...
