
*** Running vivado
    with args -log AES_wiring_mux_0_1.vds -m64 -product Vivado -mode batch -messageDb vivado.pb -notrace -source AES_wiring_mux_0_1.tcl


ECHO is off.
ECHO is off.

****** Vivado v2023.1 (64-bit)
  **** SW Build 3865809 on Sun May  7 15:05:29 MDT 2023
  **** IP Build 3864474 on Sun May  7 20:36:21 MDT 2023
  **** SharedData Build 3865790 on Sun May 07 13:33:03 MDT 2023
    ** Copyright 1986-2022 Xilinx, Inc. All Rights Reserved.
    ** Copyright 2022-2023 Advanced Micro Devices, Inc. All Rights Reserved.

source AES_wiring_mux_0_1.tcl -notrace
create_project: Time (s): cpu = 00:00:08 ; elapsed = 00:00:09 . Memory (MB): peak = 483.875 ; gain = 198.367
INFO: [IP_Flow 19-234] Refreshing IP repositories
INFO: [IP_Flow 19-1704] No user IP repositories specified
INFO: [IP_Flow 19-2313] Loaded Vivado IP repository 'D:/AMDSOFT/Vivado/2023.1/data/ip'.
INFO: [IP_Flow 19-6924] IPCACHE: Running cache check for IP inst: AES_wiring_mux_0_1
INFO: [IP_Flow 19-6922] IPCACHE: Exporting cached entry b41d82f2330e0f2f to dir: D:/repos/AES_Encrypt_VHDL/AES_encryption/AES_encryption.runs/AES_wiring_mux_0_1_synth_1
INFO: [IP_Flow 19-6928] IPCACHE: copied cached file d:/repos/AES_Encrypt_VHDL/AES_encryption/AES_encryption.cache/ip/2023.1/b/4/b41d82f2330e0f2f/AES_wiring_mux_0_0.dcp to D:/repos/AES_Encrypt_VHDL/AES_encryption/AES_encryption.runs/AES_wiring_mux_0_1_synth_1/AES_wiring_mux_0_1.dcp.
INFO: [IP_Flow 19-6928] IPCACHE: copied cached file d:/repos/AES_Encrypt_VHDL/AES_encryption/AES_encryption.cache/ip/2023.1/b/4/b41d82f2330e0f2f/AES_wiring_mux_0_0_sim_netlist.v to D:/repos/AES_Encrypt_VHDL/AES_encryption/AES_encryption.runs/AES_wiring_mux_0_1_synth_1/AES_wiring_mux_0_1_sim_netlist.v.
INFO: [IP_Flow 19-6928] IPCACHE: copied cached file d:/repos/AES_Encrypt_VHDL/AES_encryption/AES_encryption.cache/ip/2023.1/b/4/b41d82f2330e0f2f/AES_wiring_mux_0_0_sim_netlist.vhdl to D:/repos/AES_Encrypt_VHDL/AES_encryption/AES_encryption.runs/AES_wiring_mux_0_1_synth_1/AES_wiring_mux_0_1_sim_netlist.vhdl.
INFO: [IP_Flow 19-6928] IPCACHE: copied cached file d:/repos/AES_Encrypt_VHDL/AES_encryption/AES_encryption.cache/ip/2023.1/b/4/b41d82f2330e0f2f/AES_wiring_mux_0_0_stub.v to D:/repos/AES_Encrypt_VHDL/AES_encryption/AES_encryption.runs/AES_wiring_mux_0_1_synth_1/AES_wiring_mux_0_1_stub.v.
INFO: [IP_Flow 19-6928] IPCACHE: copied cached file d:/repos/AES_Encrypt_VHDL/AES_encryption/AES_encryption.cache/ip/2023.1/b/4/b41d82f2330e0f2f/AES_wiring_mux_0_0_stub.vhdl to D:/repos/AES_Encrypt_VHDL/AES_encryption/AES_encryption.runs/AES_wiring_mux_0_1_synth_1/AES_wiring_mux_0_1_stub.vhdl.
INFO: [IP_Flow 19-4838] Using cached IP synthesis design for IP AES_wiring_mux_0_1, cache-ID = b41d82f2330e0f2f.
INFO: [Common 17-206] Exiting Vivado at Sat Dec 16 16:43:18 2023...
